<?xml version="1.0" encoding="UTF-8"?>
<!-- Generated by org.testng.reporters.JUnitXMLReporter -->
<testsuite ignored="1" hostname="RGDevice" failures="0" tests="3" name="Default test" time="0.059" errors="0" timestamp="2024-07-21T11:33:15 IST">
  <testcase classname="prioratization_example.appdata1" name="demo1" time="0.012"/>
  <testcase classname="prioratization_example.appdata1" name="demo2" time="0.001"/>
  <testcase classname="prioratization_example.appdata1" name="demo3" time="0.001"/>
  <testcase classname="prioratization_example.appdata1" name="demo4" time="0.0">
    <ignored/>
  </testcase> <!-- demo4 -->
</testsuite> <!-- Default test -->
