<?xml version="1.0" encoding="UTF-8"?>
<!-- Generated by org.testng.reporters.JUnitXMLReporter -->
<testsuite ignored="1" hostname="RGDevice" failures="0" tests="7" name="Test" time="0.078" errors="0" timestamp="2024-06-08T12:24:16 IST">
  <testcase classname="Package1.AppTest1" name="Test3" time="0.009"/>
  <testcase classname="Package1.AppTest1" name="Test1" time="0.011"/>
  <testcase classname="Package1.AppTest2" name="Test4" time="0.01"/>
  <testcase classname="Package1.AppTest2" name="Test5" time="0.011"/>
  <testcase classname="Package1.AppTest2" name="Test6" time="0.013"/>
  <testcase classname="Package1.AppTest3" name="Test7" time="0.002"/>
  <testcase classname="Package1.AppTest3" name="Test8" time="0.003"/>
  <testcase classname="Package1.AppTest3" name="Test9" time="0.0">
    <ignored/>
  </testcase> <!-- Test9 -->
</testsuite> <!-- Test -->
