<?xml version="1.0" encoding="UTF-8"?>
<!-- Generated by org.testng.reporters.JUnitXMLReporter -->
<testsuite ignored="0" hostname="RGDevice" failures="0" tests="4" name="Test" time="0.082" errors="0" timestamp="2024-07-21T12:02:13 IST">
  <testcase classname="Grouping_test_cases.group_in_testng" name="demo1" time="0.015"/>
  <testcase classname="Grouping_test_cases.group_in_testng" name="demo2" time="0.002"/>
  <testcase classname="Grouping_test_cases.group_in_testng" name="demo3" time="0.001"/>
  <testcase classname="Grouping_test_cases.group_in_testng" name="demo4" time="0.002"/>
</testsuite> <!-- Test -->
