<?xml version="1.0" encoding="UTF-8"?>
<!-- Generated by org.testng.reporters.JUnitXMLReporter -->
<testsuite ignored="5" hostname="RGDevice" failures="0" tests="3" name="Test" time="0.127" errors="0" timestamp="2024-06-19T17:36:07 IST">
  <testcase classname="Package1.AppTest1" name="Test1" time="0.014"/>
  <testcase classname="Package1.AppTest2" name="Test4" time="0.005"/>
  <testcase classname="Package1.AppTest3" name="Test7" time="0.001"/>
  <testcase classname="Package1.AppTest2" name="Test5" time="0.0">
    <ignored/>
  </testcase> <!-- Test5 -->
  <testcase classname="Package1.AppTest1" name="Test3" time="0.0">
    <ignored/>
  </testcase> <!-- Test3 -->
  <testcase classname="Package1.AppTest2" name="Test6" time="0.0">
    <ignored/>
  </testcase> <!-- Test6 -->
  <testcase classname="Package1.AppTest3" name="Test8" time="0.0">
    <ignored/>
  </testcase> <!-- Test8 -->
  <testcase classname="Package1.AppTest3" name="Test9" time="0.0">
    <ignored/>
  </testcase> <!-- Test9 -->
</testsuite> <!-- Test -->
