<?xml version="1.0" encoding="UTF-8"?>
<testng-results ignored="0" total="3" passed="3" failed="0" skipped="0">
  <reporter-output>
  </reporter-output>
  <suite started-at="2024-06-19T17:36:07 IST" name="Suite" finished-at="2024-06-19T17:36:07 IST" duration-ms="127">
    <groups>
      <group name="Sanity">
        <method signature="AppTest1.Test1()[pri:0, instance:Package1.AppTest1@6f03482]" name="Test1" class="Package1.AppTest1"/>
        <method signature="AppTest2.Test4()[pri:0, instance:Package1.AppTest2@1a677343]" name="Test4" class="Package1.AppTest2"/>
        <method signature="AppTest3.Test7()[pri:0, instance:Package1.AppTest3@15de0b3c]" name="Test7" class="Package1.AppTest3"/>
      </group> <!-- Sanity -->
    </groups>
    <test started-at="2024-06-19T17:36:07 IST" name="Test" finished-at="2024-06-19T17:36:07 IST" duration-ms="127">
      <class name="Package1.AppTest1">
        <test-method signature="Test1()[pri:0, instance:Package1.AppTest1@6f03482]" started-at="2024-06-19T17:36:07 IST" name="Test1" finished-at="2024-06-19T17:36:07 IST" duration-ms="14" status="PASS">
          <reporter-output>
          </reporter-output>
        </test-method> <!-- Test1 -->
      </class> <!-- Package1.AppTest1 -->
      <class name="Package1.AppTest2">
        <test-method signature="Test4()[pri:0, instance:Package1.AppTest2@1a677343]" started-at="2024-06-19T17:36:07 IST" name="Test4" finished-at="2024-06-19T17:36:07 IST" duration-ms="5" status="PASS">
          <reporter-output>
          </reporter-output>
        </test-method> <!-- Test4 -->
      </class> <!-- Package1.AppTest2 -->
      <class name="Package1.AppTest3">
        <test-method signature="Test7()[pri:0, instance:Package1.AppTest3@15de0b3c]" started-at="2024-06-19T17:36:07 IST" name="Test7" finished-at="2024-06-19T17:36:07 IST" duration-ms="1" status="PASS">
          <reporter-output>
          </reporter-output>
        </test-method> <!-- Test7 -->
      </class> <!-- Package1.AppTest3 -->
    </test> <!-- Test -->
  </suite> <!-- Suite -->
</testng-results>
