<?xml version="1.0" encoding="UTF-8"?>
<testsuite xmlns:xsi="http://www.w3.org/2001/XMLSchema-instance" xsi:noNamespaceSchemaLocation="https://maven.apache.org/surefire/maven-surefire-plugin/xsd/surefire-test-report-3.0.xsd" version="3.0" name="TestSuite" time="0.806" tests="7" errors="0" skipped="0" failures="0">
  <properties>
[...]
</properties>
  <testcase name="Test1" classname="Package1.AppTest1" time="0.005">
    <system-out><![CDATA[Test A-1 - Added as sanity test for testing purpose
]]></system-out>
    <system-err><![CDATA[log4j:WARN No appenders could be found for logger (org.testng.TestNG).
log4j:WARN Please initialize the log4j system properly.
log4j:WARN See http://logging.apache.org/log4j/1.2/faq.html#noconfig for more info.
]]></system-err>
  </testcase>
  <testcase name="Test3[Roshan](1)" classname="Package1.AppTest1" time="0.002">
    <system-out><![CDATA[Test A-2 Calling Data provider method 
data is fetched fom data provider methodRoshan
]]></system-out>
  </testcase>
  <testcase name="Test4" classname="Package1.AppTest2" time="0.003">
    <system-out><![CDATA[Test B-4 - Added as sanity test for testing purpose
]]></system-out>
  </testcase>
  <testcase name="Test5" classname="Package1.AppTest2" time="0.002">
    <system-out><![CDATA[Test B-5 
]]></system-out>
  </testcase>
  <testcase name="Test6" classname="Package1.AppTest2" time="0.003">
    <system-out><![CDATA[Test B-6
]]></system-out>
  </testcase>
  <testcase name="Test7" classname="Package1.AppTest3" time="0.005">
    <system-out><![CDATA[Test C-7 - Added as sanity test for testing purpose
]]></system-out>
  </testcase>
  <testcase name="Test8" classname="Package1.AppTest3" time="0.004">
    <system-out><![CDATA[Test C-8
]]></system-out>
  </testcase>
</testsuite>