<?xml version="1.0" encoding="UTF-8"?>
<testng-results ignored="0" total="2" passed="2" failed="0" skipped="0">
  <reporter-output>
  </reporter-output>
  <suite started-at="2024-06-07T20:59:24 IST" name="Suite" finished-at="2024-06-07T20:59:24 IST" duration-ms="62">
    <groups>
      <group name="smoke">
        <method signature="AppTest4.Test10()[pri:0, instance:Package1.AppTest4@37271612]" name="Test10" class="Package1.AppTest4"/>
        <method signature="AppTest4.Test11()[pri:0, instance:Package1.AppTest4@37271612]" name="Test11" class="Package1.AppTest4"/>
      </group> <!-- smoke -->
    </groups>
    <test started-at="2024-06-07T20:59:24 IST" name="Test" finished-at="2024-06-07T20:59:24 IST" duration-ms="62">
      <class name="Package1.AppTest4">
        <test-method signature="Test10()[pri:0, instance:Package1.AppTest4@37271612]" started-at="2024-06-07T20:59:24 IST" name="Test10" finished-at="2024-06-07T20:59:24 IST" duration-ms="11" status="PASS">
          <reporter-output>
          </reporter-output>
        </test-method> <!-- Test10 -->
        <test-method signature="Test11()[pri:0, instance:Package1.AppTest4@37271612]" started-at="2024-06-07T20:59:24 IST" name="Test11" finished-at="2024-06-07T20:59:24 IST" duration-ms="1" status="PASS">
          <reporter-output>
          </reporter-output>
        </test-method> <!-- Test11 -->
      </class> <!-- Package1.AppTest4 -->
    </test> <!-- Test -->
  </suite> <!-- Suite -->
</testng-results>
